Using pre-set license
Built from '2021.1/staging' branch; Version is '2021.1.6f1 (c0fade0cc7e9) revision 12647134'; Using compiler version '192528614'; Build Type 'Release'
OS: 'Windows 10 Pro; OS build 19043.1466; Version 2009; 64bit' Language: 'en' Physical Memory: 3924 MB
BatchMode: 1, IsHumanControllingUs: 0, StartBugReporterOnCrash: 0, Is64bit: 1, IsPro: 0

 COMMAND LINE ARGUMENTS:
C:\Program Files\Unity 2021.1.6f1\Editor\Unity.exe
-adb2
-batchMode
-noUpm
-name
AssetImportWorker18
-projectPath
C:/Users/bsk_b/Documents/Partita
-logFile
Logs/AssetImportWorker18.log
-srvPort
56367
Successfully changed project path to: C:/Users/bsk_b/Documents/Partita
C:/Users/bsk_b/Documents/Partita
Using Asset Import Pipeline V2.
Refreshing native plugins compatible for Editor in 342.03 ms, found 2 plugins.
Preloading 0 native plugins for Editor in 0.00 ms.
Initialize engine version: 2021.1.6f1 (c0fade0cc7e9)
[Subsystems] Discovering subsystems at path C:/Program Files/Unity 2021.1.6f1/Editor/Data/Resources/UnitySubsystems
[Subsystems] Discovering subsystems at path C:/Users/bsk_b/Documents/Partita/Assets
GfxDevice: creating device client; threaded=0; jobified=0
Direct3D:
    Version:  Direct3D 11.0 [level 11.1]
    Renderer: Microsoft Basic Render Driver (ID=0x8c)
    Vendor:   Microsoft
    VRAM:     1962 MB
Initialize mono
Mono path[0] = 'C:/Program Files/Unity 2021.1.6f1/Editor/Data/Managed'
Mono path[1] = 'C:/Program Files/Unity 2021.1.6f1/Editor/Data/MonoBleedingEdge/lib/mono/unityjit'
Mono config path = 'C:/Program Files/Unity 2021.1.6f1/Editor/Data/MonoBleedingEdge/etc'
Using monoOptions --debugger-agent=transport=dt_socket,embedding=1,server=y,suspend=n,address=127.0.0.1:56932
Begin MonoManager ReloadAssembly
Registering precompiled unity dll's ...
Register platform support module: C:/Program Files/Unity 2021.1.6f1/Editor/Data/PlaybackEngines/WebGLSupport/UnityEditor.WebGL.Extensions.dll
Register platform support module: C:/Program Files/Unity 2021.1.6f1/Editor/Data/PlaybackEngines/MacStandaloneSupport/UnityEditor.OSXStandalone.Extensions.dll
Register platform support module: C:/Program Files/Unity 2021.1.6f1/Editor/Data/PlaybackEngines/WindowsStandaloneSupport/UnityEditor.WindowsStandalone.Extensions.dll
Register platform support module: C:/Program Files/Unity 2021.1.6f1/Editor/Data/PlaybackEngines/LinuxStandaloneSupport/UnityEditor.LinuxStandalone.Extensions.dll
Registered in 0.010049 seconds.
Native extension for LinuxStandalone target not found
Native extension for WindowsStandalone target not found
Native extension for OSXStandalone target not found
Native extension for WebGL target not found
Refreshing native plugins compatible for Editor in 350.67 ms, found 2 plugins.
Preloading 0 native plugins for Editor in 0.00 ms.
Mono: successfully reloaded assembly
- Completed reload, in  4.878 seconds
Platform modules already initialized, skipping
Registering precompiled user dll's ...
Registered in 0.015080 seconds.
Begin MonoManager ReloadAssembly
Native extension for LinuxStandalone target not found
Native extension for WindowsStandalone target not found
Native extension for OSXStandalone target not found
Native extension for WebGL target not found
Refreshing native plugins compatible for Editor in 350.50 ms, found 2 plugins.
Preloading 0 native plugins for Editor in 0.00 ms.
Mono: successfully reloaded assembly
- Completed reload, in  7.063 seconds
Platform modules already initialized, skipping
========================================================================
Worker process is ready to serve import requests
Launched and connected shader compiler UnityShaderCompiler.exe after 0.75 seconds
Refreshing native plugins compatible for Editor in 2.65 ms, found 2 plugins.
Preloading 0 native plugins for Editor in 0.00 ms.
Unloading 4050 Unused Serialized files (Serialized files now loaded: 0)
System memory in use before: 147.5 MB.
System memory in use after: 147.6 MB.

Unloading 33 unused Assets to reduce memory usage. Loaded Objects now: 4501.
Total: 10.442300 ms (FindLiveObjects: 1.553600 ms CreateObjectMapping: 1.054900 ms MarkObjects: 7.471900 ms  DeleteObjects: 0.356100 ms)

========================================================================
Received Import Request.
  path: Assets/Scripts/Narrative/TestNarrative.nani
  artifactKey: Guid(420e409fc67d5404e8170ba7ed5d79ed) Importer(815301076,1909f56bfc062723c751e8b465ee728b)
Start importing Assets/Scripts/Narrative/TestNarrative.nani using Guid(420e409fc67d5404e8170ba7ed5d79ed) Importer(815301076,1909f56bfc062723c751e8b465ee728b)  -> (artifact id: '16837e4608d5743ab594cbda1c385c75') in 1.506836 seconds 
========================================================================
Received Import Request.
  Time since last request: 482.723357 seconds.
  path: Assets/Art/Characters
  artifactKey: Guid(dd153d3777f98d94daf27668cf561679) Importer(815301076,1909f56bfc062723c751e8b465ee728b)
Start importing Assets/Art/Characters using Guid(dd153d3777f98d94daf27668cf561679) Importer(815301076,1909f56bfc062723c751e8b465ee728b)  -> (artifact id: 'a67866659d1064e3e62948a244c9efd8') in 0.292822 seconds 
========================================================================
Received Import Request.
  Time since last request: 263.537101 seconds.
  path: Assets/Art/Backgrounds/Sample_Prototype_Bonfire.jpg
  artifactKey: Guid(674a0c5f0f88359428aa91366b4db5a3) Importer(815301076,1909f56bfc062723c751e8b465ee728b)
Start importing Assets/Art/Backgrounds/Sample_Prototype_Bonfire.jpg using Guid(674a0c5f0f88359428aa91366b4db5a3) Importer(815301076,1909f56bfc062723c751e8b465ee728b)  -> (artifact id: '041ab515202ffa934b8ca17085b7afc0') in 2.685931 seconds 
========================================================================
Received Import Request.
  Time since last request: 30.061589 seconds.
  path: Assets/Scripts/Narrative/TestNarrative.nani
  artifactKey: Guid(420e409fc67d5404e8170ba7ed5d79ed) Importer(815301076,1909f56bfc062723c751e8b465ee728b)
Start importing Assets/Scripts/Narrative/TestNarrative.nani using Guid(420e409fc67d5404e8170ba7ed5d79ed) Importer(815301076,1909f56bfc062723c751e8b465ee728b)  -> (artifact id: '716864a4d7998ad0ec197600175d5664') in 0.076696 seconds 
========================================================================
Received Import Request.
  Time since last request: 833.730995 seconds.
  path: Assets/Scripts/Narrative/TestNarrative.nani
  artifactKey: Guid(420e409fc67d5404e8170ba7ed5d79ed) Importer(815301076,1909f56bfc062723c751e8b465ee728b)
Start importing Assets/Scripts/Narrative/TestNarrative.nani using Guid(420e409fc67d5404e8170ba7ed5d79ed) Importer(815301076,1909f56bfc062723c751e8b465ee728b)  -> (artifact id: '0c6b5fe69add3ea2b4cc171d9e29a390') in 0.088562 seconds 
========================================================================
Received Import Request.
  Time since last request: 266.354841 seconds.
  path: Assets/Scripts/Narrative/TestNarrative.nani
  artifactKey: Guid(420e409fc67d5404e8170ba7ed5d79ed) Importer(815301076,1909f56bfc062723c751e8b465ee728b)
Start importing Assets/Scripts/Narrative/TestNarrative.nani using Guid(420e409fc67d5404e8170ba7ed5d79ed) Importer(815301076,1909f56bfc062723c751e8b465ee728b)  -> (artifact id: '27f39b0550702a12ec1906d5883b8c7e') in 0.029522 seconds 
========================================================================
Received Prepare
Registering precompiled user dll's ...
Registered in 0.819437 seconds.
Begin MonoManager ReloadAssembly
Native extension for LinuxStandalone target not found
Native extension for WindowsStandalone target not found
Native extension for OSXStandalone target not found
Native extension for WebGL target not found
Refreshing native plugins compatible for Editor in 4.31 ms, found 2 plugins.
Preloading 0 native plugins for Editor in 0.00 ms.
Mono: successfully reloaded assembly
- Completed reload, in 17.159 seconds
Platform modules already initialized, skipping
Refreshing native plugins compatible for Editor in 5.00 ms, found 2 plugins.
Preloading 0 native plugins for Editor in 0.00 ms.
Unloading 4038 Unused Serialized files (Serialized files now loaded: 0)
System memory in use before: 157.4 MB.
System memory in use after: 157.5 MB.

Unloading 20 unused Assets to reduce memory usage. Loaded Objects now: 4527.
Total: 43.600200 ms (FindLiveObjects: 4.843800 ms CreateObjectMapping: 1.596100 ms MarkObjects: 35.003100 ms  DeleteObjects: 2.150100 ms)

========================================================================
Received Import Request.
  Time since last request: 811.202811 seconds.
  path: Assets/Scripts/Narrative/TestNarrative.nani
  artifactKey: Guid(420e409fc67d5404e8170ba7ed5d79ed) Importer(815301076,1909f56bfc062723c751e8b465ee728b)
Start importing Assets/Scripts/Narrative/TestNarrative.nani using Guid(420e409fc67d5404e8170ba7ed5d79ed) Importer(815301076,1909f56bfc062723c751e8b465ee728b)  -> (artifact id: '1b90ab9266415f2e382a2b7ecad74fb6') in 0.367841 seconds 
========================================================================
Received Import Request.
  Time since last request: 115.513692 seconds.
  path: Assets/Scripts/Narrative/TestNarrative.nani
  artifactKey: Guid(420e409fc67d5404e8170ba7ed5d79ed) Importer(815301076,1909f56bfc062723c751e8b465ee728b)
Start importing Assets/Scripts/Narrative/TestNarrative.nani using Guid(420e409fc67d5404e8170ba7ed5d79ed) Importer(815301076,1909f56bfc062723c751e8b465ee728b)  -> (artifact id: 'ce69b09af9bffa3a34fd585ae3ba32ec') in 0.025283 seconds 
========================================================================
Received Prepare
Registering precompiled user dll's ...
Registered in 0.014286 seconds.
Begin MonoManager ReloadAssembly
Native extension for LinuxStandalone target not found
Native extension for WindowsStandalone target not found
Native extension for OSXStandalone target not found
Native extension for WebGL target not found
Refreshing native plugins compatible for Editor in 4.03 ms, found 2 plugins.
Preloading 0 native plugins for Editor in 0.00 ms.
Mono: successfully reloaded assembly
- Completed reload, in  4.602 seconds
Platform modules already initialized, skipping
Refreshing native plugins compatible for Editor in 2.75 ms, found 2 plugins.
Preloading 0 native plugins for Editor in 0.00 ms.
Unloading 4037 Unused Serialized files (Serialized files now loaded: 0)
System memory in use before: 157.5 MB.
System memory in use after: 157.6 MB.

Unloading 20 unused Assets to reduce memory usage. Loaded Objects now: 4532.
Total: 11.143000 ms (FindLiveObjects: 1.825400 ms CreateObjectMapping: 1.215900 ms MarkObjects: 7.757100 ms  DeleteObjects: 0.337800 ms)

